[vkmusic.cc/index232f.html]
[backblue.gif]
[fade.gif]
[index.html]
[vkmusic.cc/favicon.png]
[mc.yandex.ru/metrika/tag.js]
[vkmusic.cc/font-awesome.css]
[vkmusic.cc/fix-viewport.js]
[vkmusic.cc/soundmanager2-nodebug-jsmin.js]
[vkmusic.cc/clipboard.min.js]
[vkmusic.cc/base64.min.js]
[vkmusic.cc/VKMusic.minee43.js]
[www.paypalobjects.com/en_US/RU/i/btn/btn_donateCC_LG.gif]
[vkmusic.cc/indexad10.html]
[vkmusic.cc/index232f.html]
[vkmusic.cc/normalize.css]
[vkmusic.cc/fontawesome-webfont93e3.eot]
[vkmusic.cc/fontawesome-webfontd41d.eot]
[vkmusic.cc/fontawesome-webfont93e3.ttf]
[vkmusic.cc/font-awesome.css]
[vkmusic.cc/NEUROPOX.TTF]
[vkmusic.cc/styles-mobileee43.css]
[vkmusic.cc/hel2.vkmusic.html]
[vkmusic.cc/indexad10.html]
[vkmusic.cc/stylesee43.css]
[www.paypalobjects.com/en_RU/i/scr/pixel.html]
